<?xml version="1.0" encoding="UTF-8"?>
<!-- Generated by org.testng.reporters.JUnitReportReporter -->
<testsuite hostname="DESKTOP-8U73BMQ" failures="0" tests="4" name="GroupingTc.Amazon" time="0.036" errors="0" timestamp="2022-06-21T07:38:30 IST" skipped="0">
  <testcase classname="GroupingTc.Amazon" name="id_Amazon" time="0.004"/>
  <system-out/>
  <testcase classname="GroupingTc.Amazon" name="pass_Amazon" time="0.003"/>
  <system-out/>
  <testcase classname="GroupingTc.Amazon" name="pass_Amazon" time="0.003"/>
  <system-out/>
  <testcase classname="GroupingTc.Amazon" name="click_login" time="0.026"/>
  <system-out/>
</testsuite> <!-- GroupingTc.Amazon -->
