<?xml version="1.0" encoding="UTF-8"?>
<!-- Generated by org.testng.reporters.JUnitReportReporter -->
<testsuite hostname="DESKTOP-8U73BMQ" failures="0" tests="4" name="GroupingTc.Meesho" time="0.051" errors="0" timestamp="2022-06-21T07:45:00 IST" skipped="0">
  <testcase classname="GroupingTc.Meesho" name="id" time="0.023"/>
  <system-out/>
  <testcase classname="GroupingTc.Meesho" name="next" time="0.015"/>
  <system-out/>
  <testcase classname="GroupingTc.Meesho" name="pass" time="0.009"/>
  <system-out/>
  <testcase classname="GroupingTc.Meesho" name="login" time="0.004"/>
  <system-out/>
</testsuite> <!-- GroupingTc.Meesho -->
