<?xml version="1.0" encoding="UTF-8"?>
<!-- Generated by org.testng.reporters.JUnitReportReporter -->
<testsuite hostname="DESKTOP-8U73BMQ" failures="0" tests="1" name="Assertions.HardAssertions" time="0.016" errors="0" timestamp="2022-06-25T17:45:49 IST" skipped="0">
  <testcase classname="Assertions.HardAssertions" name="Assert" time="0.016"/>
  <system-out/>
</testsuite> <!-- Assertions.HardAssertions -->
