<?xml version="1.0" encoding="UTF-8"?>
<!-- Generated by org.testng.reporters.JUnitReportReporter -->
<testsuite hostname="DESKTOP-8U73BMQ" failures="0" tests="2" name="PompackTest.PracticeKeywords" time="0.021" errors="0" timestamp="2022-06-16T08:27:38 IST" skipped="1">
  <testcase classname="PompackTest.PracticeKeywords" name="Tc2" time="0.021"/>
  <system-out/>
  <testcase classname="PompackTest.PracticeKeywords" name="Tc4">
    <skipped/>
  </testcase> <!-- Tc4 -->
  <system-out/>
</testsuite> <!-- PompackTest.PracticeKeywords -->
