<?xml version="1.0" encoding="UTF-8"?>
<!-- Generated by org.testng.reporters.JUnitReportReporter -->
<testsuite hostname="DESKTOP-8U73BMQ" failures="0" tests="4" name="GroupingTc.Flifcart" time="0.043" errors="0" timestamp="2022-06-21T07:45:00 IST" skipped="0">
  <testcase classname="GroupingTc.Flifcart" name="id_Flipcart" time="0.024"/>
  <system-out/>
  <testcase classname="GroupingTc.Flifcart" name="navigate" time="0.003"/>
  <system-out/>
  <testcase classname="GroupingTc.Flifcart" name="pass_Flipcart" time="0.014"/>
  <system-out/>
  <testcase classname="GroupingTc.Flifcart" name="login_click" time="0.002"/>
  <system-out/>
</testsuite> <!-- GroupingTc.Flifcart -->
