<?xml version="1.0" encoding="UTF-8"?>
<!-- Generated by org.testng.reporters.JUnitReportReporter -->
<testsuite hostname="DESKTOP-8U73BMQ" failures="0" tests="3" name="ParallelTesting.Parallelmethods" time="30.613" errors="0" timestamp="2022-06-21T12:04:24 IST" skipped="0">
  <testcase classname="ParallelTesting.Parallelmethods" name="google" time="4.276"/>
  <system-out/>
  <testcase classname="ParallelTesting.Parallelmethods" name="facebookurl" time="16.641"/>
  <system-out/>
  <testcase classname="ParallelTesting.Parallelmethods" name="amazonUrl" time="9.696"/>
  <system-out/>
</testsuite> <!-- ParallelTesting.Parallelmethods -->
