<?xml version="1.0" encoding="UTF-8"?>
<!-- Generated by org.testng.reporters.JUnitReportReporter -->
<testsuite hostname="DESKTOP-8U73BMQ" failures="0" tests="2" name="PompackTest.PracticeSignup" time="0.006" errors="0" timestamp="2022-06-16T08:27:38 IST" skipped="0">
  <testcase classname="PompackTest.PracticeSignup" name="lastname" time="0.002"/>
  <system-out/>
  <testcase classname="PompackTest.PracticeSignup" name="name" time="0.004"/>
  <system-out/>
</testsuite> <!-- PompackTest.PracticeSignup -->
